<?xml version="1.0" encoding="UTF-8"?>
<testng-results ignored="0" total="1" passed="1" failed="0" skipped="0">
  <reporter-output>
  </reporter-output>
  <suite started-at="2023-01-29T12:59:32 IST" name="Default suite" finished-at="2023-01-29T12:59:32 IST" duration-ms="47">
    <groups>
    </groups>
    <test started-at="2023-01-29T12:59:32 IST" name="Default test" finished-at="2023-01-29T12:59:32 IST" duration-ms="47">
      <class name="demo.SampleTest">
        <test-method signature="sampleTest()[pri:0, instance:demo.SampleTest@29d89d5d]" started-at="2023-01-29T12:59:32 IST" name="sampleTest" finished-at="2023-01-29T12:59:32 IST" duration-ms="10" status="PASS">
          <reporter-output>
          </reporter-output>
        </test-method> <!-- sampleTest -->
      </class> <!-- demo.SampleTest -->
    </test> <!-- Default test -->
  </suite> <!-- Default suite -->
</testng-results>
